[26-Sep-2016 22:36:58 Europe/Copenhagen] mail() on [/home/curagard/public_html/pg/views/phonecare/templates/business.php:25]: To: jwl@iomedia.dk -- Headers: Fra:jwl@iomedia.dk
[26-Sep-2016 22:38:44 Europe/Copenhagen] mail() on [/home/curagard/public_html/pg/views/phonecare/templates/business.php:25]: To: jwl@iomedia.dk -- Headers: From:jwl@iomedia.dk
[26-Sep-2016 22:40:29 Europe/Copenhagen] mail() on [/home/curagard/public_html/pg/views/phonecare/templates/business.php:25]: To: jwl@iomedia.dk -- Headers: From:jwl@iomedia.dk
[26-Sep-2016 22:44:15 Europe/Copenhagen] mail() on [/home/curagard/public_html/pg/views/phonecare/templates/business.php:25]: To: jwl@iomedia.dk -- Headers: From:jwl@iomedia.dk
[30-Sep-2016 18:18:31 Europe/Copenhagen] mail() on [/home/curagard/public_html/pg/views/phonecare/continue-reparations.php:181]: To: adatouh@gmail.com -- Headers: From: adatouh@gmail.com  Reply-To: adatouh@gmail.com  Content-Type: multipart/mixed; boundary="PHP-mixed-264b18d0ac022f6c0b75c642bfcf460b"
[30-Sep-2016 18:24:52 Europe/Copenhagen] mail() on [/home/curagard/public_html/pg/views/phonecare/continue-reparations.php:181]: To: adatouh@gmail.com -- Headers: From: adatouh@gmail.com  Reply-To: adatouh@gmail.com  Content-Type: multipart/mixed; boundary="PHP-mixed-8d706da0a99a47377724fc50638731e0"
[30-Sep-2016 18:29:31 Europe/Copenhagen] mail() on [/home/curagard/public_html/pg/views/phonecare/continue-reparations.php:184]: To: adatouh@gmail.com -- Headers: From: adatouh@gmail.com MIME-Version: 1.0 Content-Type: multipart/mixed; boundary="2cd5e248759dbc590e2584c5589445ca"
[03-Oct-2016 20:23:37 Europe/Copenhagen] mail() on [/home/curagard/public_html/pg/views/phonecare/pdf.php:75]: To: adatouh@gmail.com -- Headers: From: adatouh@gmail.com MIME-Version: 1.0 Content-Type: multipart/mixed; boundary="083db677ceb9627c2a4c2ea526fe5946"
[03-Oct-2016 20:26:20 Europe/Copenhagen] mail() on [/home/curagard/public_html/pg/views/phonecare/pdf.php:75]: To: adatouh@gmail.com -- Headers: From: adatouh@gmail.com MIME-Version: 1.0 Content-Type: multipart/mixed; boundary="7527112dd6ea0266bda0a5b968fa2ba2"
[30-Oct-2016 21:52:22 Europe/Copenhagen] mail() on [/home/curagard/public_html/belibo/views/belibofrontend/form-success.php:38]: To: adatouh@gmail.com -- Headers: From: adatouh@gmail.com  Reply-To: adatouh@gmail.com  MIME-Version: 1.0  Content-Type: text/html; charset=UTF8
[30-Oct-2016 22:30:39 Europe/Copenhagen] mail() on [/home/curagard/public_html/belibo/views/belibofrontend/form-success.php:38]: To: adatouh@gmail.com -- Headers: From: adatouh@gmail.com  Reply-To: adatouh@gmail.com  MIME-Version: 1.0  Content-Type: text/html; charset=UTF8
[30-Oct-2016 22:31:22 Europe/Copenhagen] mail() on [/home/curagard/public_html/belibo/views/belibofrontend/form-success.php:38]: To: adatouh@gmail.com -- Headers: From: adatouh@gmail.com  Reply-To: adatouh@gmail.com  MIME-Version: 1.0  Content-Type: text/html; charset=UTF8
[30-Oct-2016 22:34:20 Europe/Copenhagen] mail() on [/home/curagard/public_html/belibo/views/belibofrontend/form-success.php:38]: To: adatouh@gmail.com -- Headers: From: adatouh@gmail.com  Reply-To: adatouh@gmail.com  MIME-Version: 1.0  Content-Type: text/html; charset=UTF8
[30-Oct-2016 22:34:38 Europe/Copenhagen] mail() on [/home/curagard/public_html/belibo/views/belibofrontend/form-success.php:38]: To: adatouh@gmail.com -- Headers: From: adatouh@gmail.com  Reply-To: adatouh@gmail.com  MIME-Version: 1.0  Content-Type: text/html; charset=UTF8
[30-Oct-2016 22:35:37 Europe/Copenhagen] mail() on [/home/curagard/public_html/belibo/views/belibofrontend/form-success.php:38]: To: adatouh@gmail.com -- Headers: From: adatouh@gmail.com  Reply-To: adatouh@gmail.com  MIME-Version: 1.0  Content-Type: text/html; charset=UTF8
[30-Oct-2016 22:36:15 Europe/Copenhagen] mail() on [/home/curagard/public_html/belibo/views/belibofrontend/form-success.php:38]: To: adatouh@gmail.com -- Headers: From: info@iomedia.dk  Reply-To: info@iomedia.dk  MIME-Version: 1.0  Content-Type: text/html; charset=UTF8
[30-Oct-2016 22:36:35 Europe/Copenhagen] mail() on [/home/curagard/public_html/belibo/views/belibofrontend/form-success.php:38]: To: adatouh@gmail.com -- Headers: From: info@iomedia.dk  Reply-To: info@iomedia.dk  MIME-Version: 1.0  Content-Type: text/html; charset=UTF8
[30-Oct-2016 22:38:14 Europe/Copenhagen] mail() on [/home/curagard/public_html/belibo/views/belibofrontend/form-success.php:38]: To: adatouh@gmail.com -- Headers: From: info@iomedia.dk  Reply-To: info@iomedia.dk  MIME-Version: 1.0  Content-Type: text/html; charset=UTF8
[30-Oct-2016 22:38:44 Europe/Copenhagen] mail() on [/home/curagard/public_html/belibo/views/belibofrontend/form-success.php:38]: To: adatouh@gmail.com -- Headers: From: info@iomedia.dk  Reply-To: info@iomedia.dk  MIME-Version: 1.0  Content-Type: text/html; charset=UTF8
[02-Nov-2016 15:23:24 Europe/Copenhagen] mail() on [/home/curagard/public_html/belibo/views/belibofrontend/form-success.php:38]: To: adatouh@gmail.com -- Headers: From: info@iomedia.dk  Reply-To: info@iomedia.dk  MIME-Version: 1.0  Content-Type: text/html; charset=UTF8
[02-Nov-2016 15:30:56 Europe/Copenhagen] mail() on [/home/curagard/public_html/belibo/views/belibofrontend/form-success.php:38]: To: adatouh@gmail.com -- Headers: From: info@iomedia.dk  Reply-To: info@iomedia.dk  MIME-Version: 1.0  Content-Type: text/html; charset=UTF8
[02-Nov-2016 16:31:30 Europe/Copenhagen] mail() on [/home/curagard/public_html/belibo/views/belibofrontend/form-success.php:38]: To: adatouh@gmail.com -- Headers: From: info@iomedia.dk  Reply-To: info@iomedia.dk  MIME-Version: 1.0  Content-Type: text/html; charset=UTF8
[02-Nov-2016 16:38:28 Europe/Copenhagen] mail() on [/home/curagard/public_html/belibo/views/belibofrontend/form-success.php:38]: To: adatouh@gmail.com -- Headers: From: info@iomedia.dk  Reply-To: info@iomedia.dk  MIME-Version: 1.0  Content-Type: text/html; charset=UTF8
[02-Nov-2016 16:52:07 Europe/Copenhagen] mail() on [/home/curagard/public_html/belibo/views/belibofrontend/form-success.php:38]: To: adatouh@gmail.com -- Headers: From: info@iomedia.dk  Reply-To: info@iomedia.dk  MIME-Version: 1.0  Content-Type: text/html; charset=UTF8
[05-Oct-2017 12:42:05 Europe/Copenhagen] mail() on [/home/curagard/public_html/belibo/views/belibofrontend/form-success.php:38]: To: jwl@iomedia.dk -- Headers: From: info@iomedia.dk  Reply-To: info@iomedia.dk  MIME-Version: 1.0  Content-Type: text/html; charset=UTF8
[31-Oct-2017 12:49:48 Europe/Copenhagen] mail() on [/home/curagard/public_html/belibo/views/belibofrontend/form-success.php:38]: To: jwl@iomedia.dk -- Headers: From: info@iomedia.dk  Reply-To: info@iomedia.dk  MIME-Version: 1.0  Content-Type: text/html; charset=UTF8
[31-Oct-2017 12:52:04 Europe/Copenhagen] mail() on [/home/curagard/public_html/belibo/views/belibofrontend/form-success.php:38]: To: jwl@iomedia.dk -- Headers: From: info@iomedia.dk  Reply-To: info@iomedia.dk  MIME-Version: 1.0  Content-Type: text/html; charset=UTF8
[08-Nov-2017 16:29:53 Europe/Copenhagen] mail() on [/home/curagard/public_html/belibo/views/belibofrontend/form-success.php:38]: To: jwl@iomedia.dk -- Headers: From: info@iomedia.dk  Reply-To: info@iomedia.dk  MIME-Version: 1.0  Content-Type: text/html; charset=UTF8
[08-Nov-2017 16:49:36 Europe/Copenhagen] mail() on [/home/curagard/public_html/belibo/views/belibofrontend/form-success.php:38]: To: jwl@iomedia.dk -- Headers: From: info@iomedia.dk  Reply-To: info@iomedia.dk  MIME-Version: 1.0  Content-Type: text/html; charset=UTF8
[29-Nov-2017 16:58:15 Europe/Copenhagen] mail() on [/home/curagard/public_html/belibo/views/belibofrontend/form-success.php:38]: To: jwl@iomedia.dk -- Headers: From: info@iomedia.dk  Reply-To: info@iomedia.dk  MIME-Version: 1.0  Content-Type: text/html; charset=UTF8
[29-Nov-2017 17:09:53 Europe/Copenhagen] mail() on [/home/curagard/public_html/belibo/views/belibofrontend/form-success.php:35]: To: jwl@iomedia.dk -- Headers: From: info@iomedia.dk  Reply-To: info@iomedia.dk  MIME-Version: 1.0  Content-Type: text/html; charset=UTF8
[29-Nov-2017 17:10:31 Europe/Copenhagen] mail() on [/home/curagard/public_html/belibo/views/belibofrontend/form-success.php:35]: To: jwl@iomedia.dk -- Headers: From: info@iomedia.dk  Reply-To: info@iomedia.dk  MIME-Version: 1.0  Content-Type: text/html; charset=UTF8
[29-Nov-2017 17:10:33 Europe/Copenhagen] mail() on [/home/curagard/public_html/belibo/views/belibofrontend/form-success.php:35]: To: jwl@iomedia.dk -- Headers: From: info@iomedia.dk  Reply-To: info@iomedia.dk  MIME-Version: 1.0  Content-Type: text/html; charset=UTF8
[29-Nov-2017 17:10:35 Europe/Copenhagen] mail() on [/home/curagard/public_html/belibo/views/belibofrontend/form-success.php:35]: To: jwl@iomedia.dk -- Headers: From: info@iomedia.dk  Reply-To: info@iomedia.dk  MIME-Version: 1.0  Content-Type: text/html; charset=UTF8
[29-Nov-2017 17:10:37 Europe/Copenhagen] mail() on [/home/curagard/public_html/belibo/views/belibofrontend/form-success.php:35]: To: jwl@iomedia.dk -- Headers: From: info@iomedia.dk  Reply-To: info@iomedia.dk  MIME-Version: 1.0  Content-Type: text/html; charset=UTF8
[29-Nov-2017 17:10:39 Europe/Copenhagen] mail() on [/home/curagard/public_html/belibo/views/belibofrontend/form-success.php:35]: To: jwl@iomedia.dk -- Headers: From: info@iomedia.dk  Reply-To: info@iomedia.dk  MIME-Version: 1.0  Content-Type: text/html; charset=UTF8
[29-Nov-2017 17:10:40 Europe/Copenhagen] mail() on [/home/curagard/public_html/belibo/views/belibofrontend/form-success.php:35]: To: jwl@iomedia.dk -- Headers: From: info@iomedia.dk  Reply-To: info@iomedia.dk  MIME-Version: 1.0  Content-Type: text/html; charset=UTF8
[29-Nov-2017 17:10:42 Europe/Copenhagen] mail() on [/home/curagard/public_html/belibo/views/belibofrontend/form-success.php:35]: To: jwl@iomedia.dk -- Headers: From: info@iomedia.dk  Reply-To: info@iomedia.dk  MIME-Version: 1.0  Content-Type: text/html; charset=UTF8
[29-Nov-2017 17:10:44 Europe/Copenhagen] mail() on [/home/curagard/public_html/belibo/views/belibofrontend/form-success.php:35]: To: jwl@iomedia.dk -- Headers: From: info@iomedia.dk  Reply-To: info@iomedia.dk  MIME-Version: 1.0  Content-Type: text/html; charset=UTF8
[29-Nov-2017 17:15:44 Europe/Copenhagen] mail() on [/home/curagard/public_html/belibo/views/belibofrontend/form-success.php:35]: To: jwl@iomedia.dk -- Headers: From: info@iomedia.dk  Reply-To: info@iomedia.dk  MIME-Version: 1.0  Content-Type: text/html; charset=UTF8
[29-Nov-2017 17:15:46 Europe/Copenhagen] mail() on [/home/curagard/public_html/belibo/views/belibofrontend/form-success.php:35]: To: jwl@iomedia.dk -- Headers: From: info@iomedia.dk  Reply-To: info@iomedia.dk  MIME-Version: 1.0  Content-Type: text/html; charset=UTF8
[29-Nov-2017 17:15:48 Europe/Copenhagen] mail() on [/home/curagard/public_html/belibo/views/belibofrontend/form-success.php:35]: To: jwl@iomedia.dk -- Headers: From: info@iomedia.dk  Reply-To: info@iomedia.dk  MIME-Version: 1.0  Content-Type: text/html; charset=UTF8
[29-Nov-2017 17:15:50 Europe/Copenhagen] mail() on [/home/curagard/public_html/belibo/views/belibofrontend/form-success.php:35]: To: jwl@iomedia.dk -- Headers: From: info@iomedia.dk  Reply-To: info@iomedia.dk  MIME-Version: 1.0  Content-Type: text/html; charset=UTF8
[29-Nov-2017 17:15:51 Europe/Copenhagen] mail() on [/home/curagard/public_html/belibo/views/belibofrontend/form-success.php:35]: To: jwl@iomedia.dk -- Headers: From: info@iomedia.dk  Reply-To: info@iomedia.dk  MIME-Version: 1.0  Content-Type: text/html; charset=UTF8
[29-Nov-2017 17:15:53 Europe/Copenhagen] mail() on [/home/curagard/public_html/belibo/views/belibofrontend/form-success.php:35]: To: jwl@iomedia.dk -- Headers: From: info@iomedia.dk  Reply-To: info@iomedia.dk  MIME-Version: 1.0  Content-Type: text/html; charset=UTF8
[29-Nov-2017 17:15:55 Europe/Copenhagen] mail() on [/home/curagard/public_html/belibo/views/belibofrontend/form-success.php:35]: To: jwl@iomedia.dk -- Headers: From: info@iomedia.dk  Reply-To: info@iomedia.dk  MIME-Version: 1.0  Content-Type: text/html; charset=UTF8
[29-Nov-2017 17:15:57 Europe/Copenhagen] mail() on [/home/curagard/public_html/belibo/views/belibofrontend/form-success.php:35]: To: jwl@iomedia.dk -- Headers: From: info@iomedia.dk  Reply-To: info@iomedia.dk  MIME-Version: 1.0  Content-Type: text/html; charset=UTF8
[29-Nov-2017 17:15:59 Europe/Copenhagen] mail() on [/home/curagard/public_html/belibo/views/belibofrontend/form-success.php:35]: To: jwl@iomedia.dk -- Headers: From: info@iomedia.dk  Reply-To: info@iomedia.dk  MIME-Version: 1.0  Content-Type: text/html; charset=UTF8
[29-Nov-2017 17:16:01 Europe/Copenhagen] mail() on [/home/curagard/public_html/belibo/views/belibofrontend/form-success.php:35]: To: jwl@iomedia.dk -- Headers: From: info@iomedia.dk  Reply-To: info@iomedia.dk  MIME-Version: 1.0  Content-Type: text/html; charset=UTF8
[29-Nov-2017 17:16:03 Europe/Copenhagen] mail() on [/home/curagard/public_html/belibo/views/belibofrontend/form-success.php:35]: To: jwl@iomedia.dk -- Headers: From: info@iomedia.dk  Reply-To: info@iomedia.dk  MIME-Version: 1.0  Content-Type: text/html; charset=UTF8
[29-Nov-2017 17:16:04 Europe/Copenhagen] mail() on [/home/curagard/public_html/belibo/views/belibofrontend/form-success.php:35]: To: jwl@iomedia.dk -- Headers: From: info@iomedia.dk  Reply-To: info@iomedia.dk  MIME-Version: 1.0  Content-Type: text/html; charset=UTF8
[29-Nov-2017 18:11:56 Europe/Copenhagen] mail() on [/home/curagard/public_html/belibo/views/belibofrontend/form-success.php:144]: To: jwl@iomedia.dk -- Headers: From: info@iomedia.dk  Reply-To: info@iomedia.dk  MIME-Version: 1.0  Content-Type: text/html; charset=UTF8
[29-Nov-2017 19:00:50 Europe/Copenhagen] mail() on [/home/curagard/public_html/belibo/views/belibofrontend/form-success.php:141]: To: jwl@iomedia.dk -- Headers: From: info@iomedia.dk  Reply-To: info@iomedia.dk  MIME-Version: 1.0  Content-Type: text/html; charset=UTF8
[29-Nov-2017 19:01:21 Europe/Copenhagen] mail() on [/home/curagard/public_html/belibo/views/belibofrontend/form-success.php:141]: To: jwl@iomedia.dk -- Headers: From: info@iomedia.dk  Reply-To: info@iomedia.dk  MIME-Version: 1.0  Content-Type: text/html; charset=UTF8
[29-Nov-2017 19:03:36 Europe/Copenhagen] mail() on [/home/curagard/public_html/belibo/views/belibofrontend/form-success.php:141]: To: jwl@iomedia.dk -- Headers: From: info@iomedia.dk  Reply-To: info@iomedia.dk  MIME-Version: 1.0  Content-Type: text/html; charset=UTF8
[29-Nov-2017 19:05:39 Europe/Copenhagen] mail() on [/home/curagard/public_html/belibo/views/belibofrontend/form-success.php:141]: To: jwl@iomedia.dk -- Headers: From: info@iomedia.dk  Reply-To: info@iomedia.dk  MIME-Version: 1.0  Content-Type: text/html; charset=UTF8
[29-Nov-2017 19:17:20 Europe/Copenhagen] mail() on [/home/curagard/public_html/belibo/views/belibofrontend/form-success.php:145]: To: jwl@iomedia.dk -- Headers: From: info@iomedia.dk  Reply-To: info@iomedia.dk  MIME-Version: 1.0  Content-Type: text/html; charset=UTF8
[29-Nov-2017 19:18:51 Europe/Copenhagen] mail() on [/home/curagard/public_html/belibo/views/belibofrontend/form-success.php:155]: To: jwl@iomedia.dk -- Headers: From: info@iomedia.dk  Reply-To: info@iomedia.dk  MIME-Version: 1.0  Content-Type: text/html; charset=UTF8
[29-Nov-2017 19:19:44 Europe/Copenhagen] mail() on [/home/curagard/public_html/belibo/views/belibofrontend/form-success.php:155]: To: jwl@iomedia.dk -- Headers: From: info@iomedia.dk  Reply-To: info@iomedia.dk  MIME-Version: 1.0  Content-Type: text/html; charset=UTF8
[29-Nov-2017 19:21:28 Europe/Copenhagen] mail() on [/home/curagard/public_html/belibo/views/belibofrontend/form-success.php:155]: To: jwl@iomedia.dk -- Headers: From: info@iomedia.dk  Reply-To: info@iomedia.dk  MIME-Version: 1.0  Content-Type: text/html; charset=UTF8
[29-Nov-2017 19:22:48 Europe/Copenhagen] mail() on [/home/curagard/public_html/belibo/views/belibofrontend/form-success.php:155]: To: jwl@iomedia.dk -- Headers: From: info@iomedia.dk  Reply-To: info@iomedia.dk  MIME-Version: 1.0  Content-Type: text/html; charset=UTF8
[29-Nov-2017 19:23:21 Europe/Copenhagen] mail() on [/home/curagard/public_html/belibo/views/belibofrontend/form-success.php:155]: To: jwl@iomedia.dk -- Headers: From: info@iomedia.dk  Reply-To: info@iomedia.dk  MIME-Version: 1.0  Content-Type: text/html; charset=UTF8
[29-Nov-2017 20:24:27 Europe/Copenhagen] mail() on [/home/curagard/public_html/belibo/views/belibofrontend/form-success.php:155]: To: jwl@iomedia.dk -- Headers: From: info@iomedia.dk  Reply-To: info@iomedia.dk  MIME-Version: 1.0  Content-Type: text/html; charset=UTF8
[29-Nov-2017 20:32:49 Europe/Copenhagen] mail() on [/home/curagard/public_html/belibo/views/belibofrontend/form-success.php:155]: To: jwl@iomedia.dk -- Headers: From: info@iomedia.dk  Reply-To: info@iomedia.dk  MIME-Version: 1.0  Content-Type: text/html; charset=UTF8
[29-Nov-2017 20:35:20 Europe/Copenhagen] mail() on [/home/curagard/public_html/belibo/views/belibofrontend/form-success.php:155]: To: jwl@iomedia.dk -- Headers: From: info@iomedia.dk  Reply-To: info@iomedia.dk  MIME-Version: 1.0  Content-Type: text/html; charset=UTF8
[29-Nov-2017 20:44:51 Europe/Copenhagen] mail() on [/home/curagard/public_html/belibo/views/belibofrontend/form-success.php:155]: To: jwl@iomedia.dk -- Headers: From: info@iomedia.dk  Reply-To: info@iomedia.dk  MIME-Version: 1.0  Content-Type: text/html; charset=UTF8
[29-Nov-2017 20:49:17 Europe/Copenhagen] mail() on [/home/curagard/public_html/belibo/views/belibofrontend/form-success.php:155]: To: jwl@iomedia.dk -- Headers: From: info@iomedia.dk  Reply-To: info@iomedia.dk  MIME-Version: 1.0  Content-Type: text/html; charset=UTF8
[02-Dec-2017 16:15:16 Europe/Copenhagen] mail() on [/home/curagard/public_html/belibo/views/belibofrontend/form-success.php:155]: To: info@mono-design.dk -- Headers: From: info@iomedia.dk  Reply-To: info@iomedia.dk  MIME-Version: 1.0  Content-Type: text/html; charset=UTF8
